<?xml version="1.0" encoding="UTF-8"?>
<!-- Generated by org.testng.reporters.JUnitReportReporter -->
<testsuite hostname="WINPD185161-734" failures="0" tests="1" name="testNGProject.Demo2" time="0.009" errors="0" timestamp="2022-06-07T11:53:25 IST" skipped="0">
  <testcase classname="testNGProject.Demo2" name="firstDuplicateinArray" time="0.009"/>
  <system-out/>
</testsuite> <!-- testNGProject.Demo2 -->
