<?xml version="1.0" encoding="UTF-8"?>
<!-- Generated by org.testng.reporters.JUnitReportReporter -->
<testsuite hostname="WINPD185161-734" failures="0" tests="1" name="testNGProject.DemoTest" time="0.005" errors="0" timestamp="2022-06-30T19:23:00 IST" skipped="0">
  <testcase classname="testNGProject.DemoTest" name="PrintName" time="0.005"/>
  <system-out/>
</testsuite> <!-- testNGProject.DemoTest -->
